0 info it worked if it ends with ok
1 verbose cli [ 'C:\\Program Files\\nodejs\\node.exe',
1 verbose cli   'C:\\Users\\me\\AppData\\Roaming\\npm\\node_modules\\npm\\bin\\npm-cli.js',
1 verbose cli   'publish',
1 verbose cli   'test\\unit\\data\\justo-plugin-xtestx' ]
2 info using npm@3.5.3
3 info using node@v5.5.0
4 verbose publish [ 'test\\unit\\data\\justo-plugin-xtestx' ]
5 silly cache add args [ 'test\\unit\\data\\justo-plugin-xtestx', null ]
6 verbose cache add spec test\unit\data\justo-plugin-xtestx
7 silly cache add parsed spec Result {
7 silly cache add   raw: 'test\\unit\\data\\justo-plugin-xtestx',
7 silly cache add   scope: null,
7 silly cache add   name: null,
7 silly cache add   rawSpec: 'test\\unit\\data\\justo-plugin-xtestx',
7 silly cache add   spec: 'C:\\Users\\me\\Documents\\Projects\\Software\\Justo.jsp\\justo-plugin-npm\\test\\unit\\data\\justo-plugin-xtestx',
7 silly cache add   type: 'directory' }
8 verbose addLocalDirectory C:\Users\me\AppData\Roaming\npm-cache\justo-plugin-xtestx\0.1.13\package.tgz not in flight; packing
9 info lifecycle justo-plugin-xtestx@0.1.13~prepublish: justo-plugin-xtestx@0.1.13
10 silly lifecycle justo-plugin-xtestx@0.1.13~prepublish: no script for prepublish, continuing
11 verbose tar pack [ 'C:\\Users\\me\\AppData\\Roaming\\npm-cache\\justo-plugin-xtestx\\0.1.13\\package.tgz',
11 verbose tar pack   'C:\\Users\\me\\Documents\\Projects\\Software\\Justo.jsp\\justo-plugin-npm\\test\\unit\\data\\justo-plugin-xtestx' ]
12 verbose tarball C:\Users\me\AppData\Roaming\npm-cache\justo-plugin-xtestx\0.1.13\package.tgz
13 verbose folder C:\Users\me\Documents\Projects\Software\Justo.jsp\justo-plugin-npm\test\unit\data\justo-plugin-xtestx
14 verbose addLocalTarball adding from inside cache C:\Users\me\AppData\Roaming\npm-cache\justo-plugin-xtestx\0.1.13\package.tgz
15 silly cache afterAdd justo-plugin-xtestx@0.1.13
16 verbose afterAdd C:\Users\me\AppData\Roaming\npm-cache\justo-plugin-xtestx\0.1.13\package\package.json not in flight; writing
17 verbose afterAdd C:\Users\me\AppData\Roaming\npm-cache\justo-plugin-xtestx\0.1.13\package\package.json written
18 silly publish { name: 'justo-plugin-xtestx',
18 silly publish   version: '0.1.13',
18 silly publish   description: 'Package to test justo-plugin-npm.',
18 silly publish   homepage: 'http://www.justojs.org',
18 silly publish   author:
18 silly publish    { name: 'The Justo.js Development Group',
18 silly publish      email: 'justojs.org@outlook.com',
18 silly publish      url: 'http://www.justojs.org' },
18 silly publish   contributors:
18 silly publish    [ { name: 'Raúl G. González',
18 silly publish        email: 'raulggonzalezsw@outlook.com' } ],
18 silly publish   keywords: [ 'Justo', 'Justo.js', 'justo-plugin' ],
18 silly publish   engines: { node: '>=4.0.0', npm: '>=3.0.0' },
18 silly publish   dependencies: {},
18 silly publish   peerDependencies: {},
18 silly publish   devDependencies: {},
18 silly publish   preferGlobal: false,
18 silly publish   main: 'lib/index.js',
18 silly publish   files: [ 'lib' ],
18 silly publish   scripts: { test: 'justo test' },
18 silly publish   license: 'MIT',
18 silly publish   readme: 'ERROR: No README data found!',
18 silly publish   _id: 'justo-plugin-xtestx@0.1.13',
18 silly publish   _shasum: '713e4ee1d1ec3f419c1b1d673db48726c34bcfe8',
18 silly publish   _from: 'test\\unit\\data\\justo-plugin-xtestx',
18 silly publish   _resolved: 'file:test\\unit\\data\\justo-plugin-xtestx' }
19 verbose getPublishConfig undefined
20 silly mapToRegistry name justo-plugin-xtestx
21 silly mapToRegistry using default registry
22 silly mapToRegistry registry https://registry.npmjs.org/
23 silly mapToRegistry uri https://registry.npmjs.org/justo-plugin-xtestx
24 verbose publish registryBase https://registry.npmjs.org/
25 silly publish uploading C:\Users\me\AppData\Roaming\npm-cache\justo-plugin-xtestx\0.1.13\package.tgz
26 verbose request uri https://registry.npmjs.org/justo-plugin-xtestx
27 verbose request sending authorization for write operation
28 info attempt registry request try #1 at 6:22:32 PM
29 verbose request using bearer token for auth
30 verbose request id 6a7983a68d522ac8
31 http request PUT https://registry.npmjs.org/justo-plugin-xtestx
32 http 403 https://registry.npmjs.org/justo-plugin-xtestx
33 verbose headers { 'content-type': 'application/json',
33 verbose headers   'cache-control': 'max-age=300',
33 verbose headers   'content-length': '96',
33 verbose headers   'accept-ranges': 'bytes',
33 verbose headers   date: 'Thu, 28 Jan 2016 17:22:33 GMT',
33 verbose headers   via: '1.1 varnish',
33 verbose headers   connection: 'keep-alive',
33 verbose headers   'x-served-by': 'cache-lhr6330-LHR',
33 verbose headers   'x-cache': 'MISS',
33 verbose headers   'x-cache-hits': '0',
33 verbose headers   'x-timer': 'S1454001752.963023,VS0,VE1033' }
34 verbose request invalidating C:\Users\me\AppData\Roaming\npm-cache\registry.npmjs.org\justo-plugin-xtestx on PUT
35 error publish Failed PUT 403
36 verbose stack Error: "You cannot publish over the previously published version 0.1.13." : justo-plugin-xtestx
36 verbose stack     at makeError (C:\Users\me\AppData\Roaming\npm\node_modules\npm\node_modules\npm-registry-client\lib\request.js:264:12)
36 verbose stack     at CachingRegistryClient.<anonymous> (C:\Users\me\AppData\Roaming\npm\node_modules\npm\node_modules\npm-registry-client\lib\request.js:252:14)
36 verbose stack     at Request._callback (C:\Users\me\AppData\Roaming\npm\node_modules\npm\node_modules\npm-registry-client\lib\request.js:172:14)
36 verbose stack     at Request.self.callback (C:\Users\me\AppData\Roaming\npm\node_modules\npm\node_modules\request\request.js:198:22)
36 verbose stack     at emitTwo (events.js:100:13)
36 verbose stack     at Request.emit (events.js:185:7)
36 verbose stack     at Request.<anonymous> (C:\Users\me\AppData\Roaming\npm\node_modules\npm\node_modules\request\request.js:1035:10)
36 verbose stack     at emitOne (events.js:95:20)
36 verbose stack     at Request.emit (events.js:182:7)
36 verbose stack     at IncomingMessage.<anonymous> (C:\Users\me\AppData\Roaming\npm\node_modules\npm\node_modules\request\request.js:962:12)
37 verbose statusCode 403
38 verbose pkgid justo-plugin-xtestx
39 verbose cwd C:\Users\me\Documents\Projects\Software\Justo.jsp\justo-plugin-npm
40 error Windows_NT 10.0.10240
41 error argv "C:\\Program Files\\nodejs\\node.exe" "C:\\Users\\me\\AppData\\Roaming\\npm\\node_modules\\npm\\bin\\npm-cli.js" "publish" "test\\unit\\data\\justo-plugin-xtestx"
42 error node v5.5.0
43 error npm  v3.5.3
44 error code E403
45 error "You cannot publish over the previously published version 0.1.13." : justo-plugin-xtestx
46 error If you need help, you may report this error at:
46 error     <https://github.com/npm/npm/issues>
47 verbose exit [ 1, true ]
